<?xml version="1.0" encoding="UTF-8"?>
<!-- Generated by org.testng.reporters.JUnitXMLReporter -->
<testsuite ignored="0" hostname="LAPTOP-QNM51RMD" failures="0" tests="4" name="Default test" time="43.092" errors="0" timestamp="2021-09-03T10:55:18 NZST">
  <testcase classname="testCases.PlanIt_Jupiter_Toys_Testing" name="TC01_ContactPageFieldsValidation" time="1.885"/>
  <testcase classname="testCases.PlanIt_Jupiter_Toys_Testing" name="TC02_ContactPageSubmission" time="17.886"/>
  <testcase classname="testCases.PlanIt_Jupiter_Toys_Testing" name="TC03_CartPageItemTableValidation" time="1.933"/>
  <testcase classname="testCases.PlanIt_Jupiter_Toys_Testing" name="TC04_CartPageItemPriceTableValidation" time="2.217"/>
</testsuite> <!-- Default test -->
