<?xml version="1.0" encoding="UTF-8"?>
<!-- Generated by org.testng.reporters.JUnitXMLReporter -->
<testsuite ignored="0" hostname="MSI" failures="0" tests="3" name="Test" time="53.543" errors="0" timestamp="2023-02-19T17:53:18 AEDT">
  <testcase classname="testCases.PlanIt_CodeChallenge_JupiterToys" name="TC1_ContactPageMandatoryFieldsValidation" time="1.371"/>
  <testcase classname="testCases.PlanIt_CodeChallenge_JupiterToys" name="TC2_ContactPageSubmitFeedbackValidation" time="31.477"/>
  <testcase classname="testCases.PlanIt_CodeChallenge_JupiterToys" name="TC3_CartPagePurchaseValidation" time="3.026"/>
</testsuite> <!-- Test -->
