<?xml version="1.0" encoding="UTF-8"?>
<testng-results ignored="0" total="4" passed="4" failed="0" skipped="0">
  <reporter-output>
  </reporter-output>
  <suite started-at="2021-09-03T10:54:35 NZST" name="Default suite" finished-at="2021-09-03T10:55:18 NZST" duration-ms="43092">
    <groups>
    </groups>
    <test started-at="2021-09-03T10:54:35 NZST" name="Default test" finished-at="2021-09-03T10:55:18 NZST" duration-ms="43092">
      <class name="testCases.PlanIt_Jupiter_Toys_Testing">
        <test-method is-config="true" signature="setUp()[pri:0, instance:testCases.PlanIt_Jupiter_Toys_Testing@30af5b6b]" started-at="2021-09-03T10:54:35 NZST" name="setUp" finished-at="2021-09-03T10:54:40 NZST" duration-ms="5045" status="PASS">
          <reporter-output>
          </reporter-output>
        </test-method> <!-- setUp -->
        <test-method signature="TC01_ContactPageFieldsValidation()[pri:0, instance:testCases.PlanIt_Jupiter_Toys_Testing@30af5b6b]" started-at="2021-09-03T10:54:40 NZST" name="TC01_ContactPageFieldsValidation" finished-at="2021-09-03T10:54:42 NZST" duration-ms="1885" status="PASS">
          <reporter-output>
          </reporter-output>
        </test-method> <!-- TC01_ContactPageFieldsValidation -->
        <test-method is-config="true" signature="tearDown()[pri:0, instance:testCases.PlanIt_Jupiter_Toys_Testing@30af5b6b]" started-at="2021-09-03T10:54:42 NZST" name="tearDown" finished-at="2021-09-03T10:54:43 NZST" duration-ms="692" status="PASS">
          <reporter-output>
          </reporter-output>
        </test-method> <!-- tearDown -->
        <test-method is-config="true" signature="setUp()[pri:0, instance:testCases.PlanIt_Jupiter_Toys_Testing@30af5b6b]" started-at="2021-09-03T10:54:43 NZST" name="setUp" finished-at="2021-09-03T10:54:47 NZST" duration-ms="3805" status="PASS">
          <reporter-output>
          </reporter-output>
        </test-method> <!-- setUp -->
        <test-method signature="TC02_ContactPageSubmission()[pri:1, instance:testCases.PlanIt_Jupiter_Toys_Testing@30af5b6b]" started-at="2021-09-03T10:54:47 NZST" name="TC02_ContactPageSubmission" finished-at="2021-09-03T10:55:05 NZST" duration-ms="17886" status="PASS">
          <reporter-output>
          </reporter-output>
        </test-method> <!-- TC02_ContactPageSubmission -->
        <test-method is-config="true" signature="tearDown()[pri:0, instance:testCases.PlanIt_Jupiter_Toys_Testing@30af5b6b]" started-at="2021-09-03T10:55:05 NZST" name="tearDown" finished-at="2021-09-03T10:55:05 NZST" duration-ms="701" status="PASS">
          <reporter-output>
          </reporter-output>
        </test-method> <!-- tearDown -->
        <test-method is-config="true" signature="setUp()[pri:0, instance:testCases.PlanIt_Jupiter_Toys_Testing@30af5b6b]" started-at="2021-09-03T10:55:05 NZST" name="setUp" finished-at="2021-09-03T10:55:09 NZST" duration-ms="3899" status="PASS">
          <reporter-output>
          </reporter-output>
        </test-method> <!-- setUp -->
        <test-method signature="TC03_CartPageItemTableValidation()[pri:2, instance:testCases.PlanIt_Jupiter_Toys_Testing@30af5b6b]" started-at="2021-09-03T10:55:09 NZST" name="TC03_CartPageItemTableValidation" finished-at="2021-09-03T10:55:11 NZST" duration-ms="1933" status="PASS">
          <reporter-output>
          </reporter-output>
        </test-method> <!-- TC03_CartPageItemTableValidation -->
        <test-method is-config="true" signature="tearDown()[pri:0, instance:testCases.PlanIt_Jupiter_Toys_Testing@30af5b6b]" started-at="2021-09-03T10:55:11 NZST" name="tearDown" finished-at="2021-09-03T10:55:12 NZST" duration-ms="687" status="PASS">
          <reporter-output>
          </reporter-output>
        </test-method> <!-- tearDown -->
        <test-method is-config="true" signature="setUp()[pri:0, instance:testCases.PlanIt_Jupiter_Toys_Testing@30af5b6b]" started-at="2021-09-03T10:55:12 NZST" name="setUp" finished-at="2021-09-03T10:55:15 NZST" duration-ms="3643" status="PASS">
          <reporter-output>
          </reporter-output>
        </test-method> <!-- setUp -->
        <test-method signature="TC04_CartPageItemPriceTableValidation()[pri:3, instance:testCases.PlanIt_Jupiter_Toys_Testing@30af5b6b]" started-at="2021-09-03T10:55:15 NZST" name="TC04_CartPageItemPriceTableValidation" finished-at="2021-09-03T10:55:18 NZST" duration-ms="2217" status="PASS">
          <reporter-output>
          </reporter-output>
        </test-method> <!-- TC04_CartPageItemPriceTableValidation -->
        <test-method is-config="true" signature="tearDown()[pri:0, instance:testCases.PlanIt_Jupiter_Toys_Testing@30af5b6b]" started-at="2021-09-03T10:55:18 NZST" name="tearDown" finished-at="2021-09-03T10:55:18 NZST" duration-ms="657" status="PASS">
          <reporter-output>
          </reporter-output>
        </test-method> <!-- tearDown -->
      </class> <!-- testCases.PlanIt_Jupiter_Toys_Testing -->
    </test> <!-- Default test -->
  </suite> <!-- Default suite -->
</testng-results>
